SF:lib/src/models/review_mock.dart
DA:13,1
DA:32,1
LF:2
LH:2
end_of_record
SF:lib/src/app_review_helper.dart
DA:12,3
DA:16,1
DA:20,1
DA:26,0
DA:28,0
DA:29,0
DA:30,0
DA:32,0
DA:38,0
DA:43,1
DA:73,1
DA:76,2
DA:77,2
DA:80,1
DA:84,2
DA:85,0
DA:88,1
DA:91,1
DA:101,1
DA:103,1
DA:104,1
DA:105,1
DA:106,1
DA:107,1
DA:108,1
DA:109,1
DA:110,1
DA:111,1
DA:112,1
DA:113,1
DA:114,1
DA:116,0
DA:117,1
DA:119,1
DA:124,1
DA:125,1
DA:126,1
DA:127,4
DA:131,0
DA:132,0
LF:40
LH:30
end_of_record
SF:lib/src/models/review_dialog_config.dart
DA:32,0
LF:1
LH:0
end_of_record
