SF:lib/src/models/review_mock.dart
DA:14,1
DA:33,1
LF:2
LH:2
end_of_record
SF:lib/src/app_review_helper.dart
DA:13,3
DA:17,1
DA:21,1
DA:27,0
DA:29,0
DA:30,0
DA:31,0
DA:33,0
DA:39,0
DA:44,1
DA:74,1
DA:77,2
DA:78,2
DA:81,1
DA:85,2
DA:86,0
DA:89,1
DA:92,1
DA:102,1
DA:104,1
DA:105,1
DA:106,1
DA:107,1
DA:108,1
DA:109,1
DA:110,1
DA:111,1
DA:112,1
DA:113,1
DA:114,1
DA:115,1
DA:117,0
DA:118,1
DA:120,1
DA:125,1
DA:126,1
DA:127,1
DA:128,4
DA:132,0
DA:133,0
LF:40
LH:30
end_of_record
SF:lib/src/models/review_dialog_config.dart
DA:33,0
LF:1
LH:0
end_of_record
